0 info it worked if it ends with ok
1 verbose cli [ '/usr/local/bin/node', '/usr/local/bin/npm', 'start' ]
2 info using npm@6.4.1
3 info using node@v8.14.0
4 verbose config Skipping project config: /home/node/.npmrc. (matches userconfig)
5 verbose stack Error: Unknown system error -116: Unknown system error -116, open '/home/node/.config/configstore/update-notifier-npm.json'
5 verbose stack     at Object.fs.openSync (fs.js:646:18)
5 verbose stack     at Object.fs.readFileSync (fs.js:551:33)
5 verbose stack     at Configstore.get all [as all] (/usr/local/lib/node_modules/npm/node_modules/configstore/index.js:30:25)
5 verbose stack     at Configstore.get (/usr/local/lib/node_modules/npm/node_modules/configstore/index.js:74:27)
5 verbose stack     at UpdateNotifier.check (/usr/local/lib/node_modules/npm/node_modules/update-notifier/index.js:91:32)
5 verbose stack     at module.exports.options (/usr/local/lib/node_modules/npm/node_modules/update-notifier/index.js:151:17)
5 verbose stack     at EventEmitter.<anonymous> (/usr/local/lib/node_modules/npm/bin/npm-cli.js:85:48)
5 verbose stack     at _combinedTickCallback (internal/process/next_tick.js:132:7)
5 verbose stack     at process._tickCallback (internal/process/next_tick.js:181:9)
6 verbose cwd /home/node
7 verbose Linux 4.9.125-linuxkit
8 verbose argv "/usr/local/bin/node" "/usr/local/bin/npm" "start"
9 verbose node v8.14.0
10 verbose npm  v6.4.1
11 error path /home/node/.config/configstore/update-notifier-npm.json
12 error code Unknown system error -116
13 error errno -116
14 error syscall open
15 error Unknown system error -116: Unknown system error -116, open '/home/node/.config/configstore/update-notifier-npm.json'
16 verbose exit [ -116, true ]
